<?xml version="1.0" encoding="UTF-8"?>
<testsuite xmlns:xsi="http://www.w3.org/2001/XMLSchema-instance" xsi:schemaLocation="https://maven.apache.org/surefire/maven-surefire-plugin/xsd/surefire-test-report.xsd" name="raiffeisen.CucumberRunner" time="31.394" tests="18" errors="0" skipped="0" failures="0">
  <properties>
[...]
</properties>
  <testcase name="* подтвержден регион" classname="Сценарий: Ипотечный калькулятор" time="0.003"/>
  <testcase name="* выбран пункт меню &quot;Ипотека&quot;" classname="Сценарий: Ипотечный калькулятор" time="0"/>
  <testcase name="* выбран подпункт меню &quot;Ипотечный калькулятор&quot;" classname="Сценарий: Ипотечный калькулятор" time="0"/>
  <testcase name="* на странице присутствует заголовок &quot;Ипотечный калькулятор&quot;" classname="Сценарий: Ипотечный калькулятор" time="0"/>
  <testcase name="* выполнено нажатие на &quot;Знаю свою ипотечную программу&quot;" classname="Сценарий: Ипотечный калькулятор" time="0"/>
  <testcase name="* выпадающий список &quot;Город&quot; заполняется значением &quot;Москва&quot;" classname="Сценарий: Ипотечный калькулятор" time="0"/>
  <testcase name="* выпадающий список &quot;Вид ипотечной программы&quot; заполняется значением &quot;Квартира на вторичном рынке&quot;" classname="Сценарий: Ипотечный калькулятор" time="0"/>
  <testcase name="* выпадающий список &quot;Я являюсь&quot; заполняется значением &quot;Новый клиент&quot;" classname="Сценарий: Ипотечный калькулятор" time="0"/>
  <testcase name="* выпадающий список &quot;Уровень доходов подтверждаю&quot; заполняется значением &quot;Справка по форме Банка&quot;" classname="Сценарий: Ипотечный калькулятор" time="0"/>
  <testcase name="* поле &quot;В банке возьму&quot; заполняется значением &quot;3000000&quot;" classname="Сценарий: Ипотечный калькулятор" time="0"/>
  <testcase name="* поле &quot;Первоначальный взнос&quot; заполняется значением &quot;3500000&quot;" classname="Сценарий: Ипотечный калькулятор" time="0"/>
  <testcase name="* поле &quot;Срок кредита&quot; заполняется значением &quot;10&quot;" classname="Сценарий: Ипотечный калькулятор" time="0"/>
  <testcase name="* выполнено нажатие на &quot;Рассчитать&quot;" classname="Сценарий: Ипотечный калькулятор" time="0.001"/>
  <testcase name="* значение поля &quot;Ежемесячный платеж&quot; равно &quot;40 656.67 руб.&quot;" classname="Сценарий: Ипотечный калькулятор" time="0"/>
  <testcase name="* значение поля &quot;Общая сумма выплат&quot; равно &quot;4 836 815.44 руб.&quot;" classname="Сценарий: Ипотечный калькулятор" time="0.001"/>
  <testcase name="* значение поля &quot;Cумма выплат по процентам&quot; равно &quot;1 836 815.44 руб.&quot;" classname="Сценарий: Ипотечный калькулятор" time="0"/>
  <testcase name="* значение поля &quot;Процентная ставка&quot; равно &quot;10.49 %&quot;" classname="Сценарий: Ипотечный калькулятор" time="0"/>
  <testcase name="Сценарий: Ипотечный калькулятор" classname="Сценарий: Ипотечный калькулятор" time="0.879"/>
</testsuite>